****Test Palindrome Number****
Number 10203 isn't Palindrome Number

****Test Palindrome String****
String aabcksvregervdgdfg maximum Palindrome length is 7

****Test Reverse Word****
Initial word string is "hello world!"
Reversed word string is "world! hello"

****Test Find Single****
The Single Number is 1

****Test Find Single Part2****
The Single Number is 1

****Test Generate Pascal Triangle****
[1]
[1, 1]
[1, 2, 1]
[1, 3, 3, 1]
[1, 4, 6, 4, 1]
[1, 5, 10, 10, 5, 1]

****Test Masimun Product SubArray****
The maximum product is 57153600

****Test Add Binary****
The binary result is 100

****Test Count And Say****
The result is 31131211131221

****Test Length Of Last Word****
The result is 10

****Test Is Palindrome String****
The result is true

****Test Plus One****
The result is 1

****Test Maximum Profit I****
The maximum profit is 4

****Test Maximum Profit III****
The maximum profit is 11

****Test Number of Decoding****
The number of decoding is 5

****Test Merge two sorted array****
Array A is: 
1, 2, 3, 4, 
Array B is: 
1, 4, 6, 8, 
Array result is: 
1, 2, 3, 4, 5, 6, 7, 8, 

****Test SpiralOrder****
****Test Generate Matrix****
[1, 2, 3, 4, 5, ][16, 17, 18, 19, 6, ][15, 24, 25, 20, 7, ][14, 23, 22, 21, 8, ][13, 12, 11, 10, 9, ]****Test Combine****
****Test Find Minimum****
Input array is
3, 1, 1, 2, 2, 
The minimum is 1
****Test LadderLength****
The minimum length is 5
****Test ValidParentheses****
The Valid Parentheses is true
****Test Two Sum****

****Test Three Sum****
****Test Four Sum****
****Test Gray Code****
0,1,3,2,6,7,5,4,12,13,15,14,10,11,9,8,24,25,27,26,30,31,29,28,20,21,23,22,18,19,17,16,****Test Minimum Total****
Minumum is 12****Test Sort Color****
result: 0,0,0,1,1,1,2,2,2,
****Test Length Of Longest Substring****

****Test Find Peak Element****

****Test Find Peak Element****

****Test Min Path Sum****

****Test Generate Parenthesis****
Result : ()()() ; ()(()) ; (())() ; (()()) ; ((())) ; 
****Test Permute****

****Test Set Zeroes****

****Test Subsets****

****Test Subsets With Duplicate****

****Test Search Matrix****

****Test Simplify Path****

****Test Divide****

****Test Unique Paths****

****Test Unique Paths With Obstacles****

****Test Can Jump****

****Test Combination Sum****

****Test Combination Sum2****

****Test Can Jump****

****Test Multiply****

****Test Multiply****

****Test Sqrt****

****Test Word Break****

****Test Int To Roman****

****Test Search****

****Test Search2****

****Test Remove Duplicates****

****Test Exist****

****Test Letter Combinations****

****Test Solve****

****Test Search Range****

****Test Eval RPN****

****Test Longest Palindrome****

****Test Partition****

****Test Next Permutation****

****Test atoi****

****Test Roman To Int****

****Test Longest Common Prefix****

****Test Convert To Title****

****Test Compare ersion****

****Test Convert****

****Test Get Row****

****Test Get Row****

****Test Majority Element****

****Test Permute Unique****

****Test Get Permutation****

****Test Solve Sudoku****

****Test Is Interleave****

****Test Is Match****

****Test Min Window****

****Test Num Distinct****

****Test Min Distance****

****Test Min Distance****

****Test Longest Consecutive****

****Test Candy****

****Test LongestValidParentheses****

****Test Max Points****

****Test Maximum Gap****

****Test Trap****

****Test Largest Rectangle Area****

****Test Solve NQueens****

****Test Min Cut****

****Test Reverse****

****Test Title To Number****

****Test Title To Number****

****Test First Missing Positive****

****Test Calculate Minimum HP****

****Test Largest Number****

****Test Find Repeated Dna Sequences****

